# JRE version: OpenJDK Runtime Environment (8.0_112-b06) (build 1.8.0_112-release-b06)
# Java VM: OpenJDK 64-Bit Server VM (25.112-b06 mixed mode windows-amd64 compressed oops)
Heap:
 PSYoungGen      total 380416K, used 260422K [0x00000000e0000000, 0x00000000fa300000, 0x0000000100000000)
  eden space 349184K, 65% used [0x00000000e0000000,0x00000000edfd31d0,0x00000000f5500000)
  from space 31232K, 99% used [0x00000000f8480000,0x00000000fa2fe6c0,0x00000000fa300000)
  to   space 37376K, 0% used [0x00000000f5a00000,0x00000000f5a00000,0x00000000f7e80000)
 ParOldGen       total 128512K, used 52446K [0x00000000a0000000, 0x00000000a7d80000, 0x00000000e0000000)
  object space 128512K, 40% used [0x00000000a0000000,0x00000000a33379e0,0x00000000a7d80000)
 Metaspace       used 70361K, capacity 73378K, committed 73600K, reserved 1114112K
  class space    used 9212K, capacity 9798K, committed 9856K, reserved 1048576K
GC Heap History (10 events):
Event: 10.806 GC heap before
{Heap before GC invocations=9 (full 2):
 PSYoungGen      total 204288K, used 193024K [0x00000000e0000000, 0x00000000eda80000, 0x0000000100000000)
  eden space 193024K, 100% used [0x00000000e0000000,0x00000000ebc80000,0x00000000ebc80000)
  from space 11264K, 0% used [0x00000000ecf80000,0x00000000ecf80000,0x00000000eda80000)
  to   space 14336K, 0% used [0x00000000ebe80000,0x00000000ebe80000,0x00000000ecc80000)
 ParOldGen       total 77312K, used 17708K [0x00000000a0000000, 0x00000000a4b80000, 0x00000000e0000000)
  object space 77312K, 22% used [0x00000000a0000000,0x00000000a114b3c0,0x00000000a4b80000)
 Metaspace       used 46740K, capacity 48112K, committed 48384K, reserved 1091584K
  class space    used 6346K, capacity 6639K, committed 6656K, reserved 1048576K
Event: 10.826 GC heap after
Heap after GC invocations=9 (full 2):
 PSYoungGen      total 209408K, used 14332K [0x00000000e0000000, 0x00000000f4200000, 0x0000000100000000)
  eden space 195072K, 0% used [0x00000000e0000000,0x00000000e0000000,0x00000000ebe80000)
  from space 14336K, 99% used [0x00000000ebe80000,0x00000000ecc7f3d8,0x00000000ecc80000)
  to   space 18944K, 0% used [0x00000000f2f80000,0x00000000f2f80000,0x00000000f4200000)
 ParOldGen       total 77312K, used 22144K [0x00000000a0000000, 0x00000000a4b80000, 0x00000000e0000000)
  object space 77312K, 28% used [0x00000000a0000000,0x00000000a15a0038,0x00000000a4b80000)
 Metaspace       used 46740K, capacity 48112K, committed 48384K, reserved 1091584K
  class space    used 6346K, capacity 6639K, committed 6656K, reserved 1048576K
}
Event: 14.894 GC heap before
{Heap before GC invocations=10 (full 2):
 PSYoungGen      total 209408K, used 209404K [0x00000000e0000000, 0x00000000f4200000, 0x0000000100000000)
  eden space 195072K, 100% used [0x00000000e0000000,0x00000000ebe80000,0x00000000ebe80000)
  from space 14336K, 99% used [0x00000000ebe80000,0x00000000ecc7f3d8,0x00000000ecc80000)
  to   space 18944K, 0% used [0x00000000f2f80000,0x00000000f2f80000,0x00000000f4200000)
 ParOldGen       total 77312K, used 22144K [0x00000000a0000000, 0x00000000a4b80000, 0x00000000e0000000)
  object space 77312K, 28% used [0x00000000a0000000,0x00000000a15a0038,0x00000000a4b80000)
 Metaspace       used 53403K, capacity 55696K, committed 55936K, reserved 1097728K
  class space    used 7287K, capacity 7760K, committed 7808K, reserved 1048576K
Event: 14.973 GC heap after
Heap after GC invocations=10 (full 2):
 PSYoungGen      total 302080K, used 18928K [0x00000000e0000000, 0x00000000f5780000, 0x0000000100000000)
  eden space 283136K, 0% used [0x00000000e0000000,0x00000000e0000000,0x00000000f1480000)
  from space 18944K, 99% used [0x00000000f2f80000,0x00000000f41fc030,0x00000000f4200000)
  to   space 27648K, 0% used [0x00000000f1480000,0x00000000f1480000,0x00000000f2f80000)
 ParOldGen       total 77312K, used 35659K [0x00000000a0000000, 0x00000000a4b80000, 0x00000000e0000000)
  object space 77312K, 46% used [0x00000000a0000000,0x00000000a22d2d50,0x00000000a4b80000)
 Metaspace       used 53403K, capacity 55696K, committed 55936K, reserved 1097728K
  class space    used 7287K, capacity 7760K, committed 7808K, reserved 1048576K
}
Event: 16.310 GC heap before
{Heap before GC invocations=11 (full 2):
 PSYoungGen      total 302080K, used 99379K [0x00000000e0000000, 0x00000000f5780000, 0x0000000100000000)
  eden space 283136K, 28% used [0x00000000e0000000,0x00000000e4e90c40,0x00000000f1480000)
  from space 18944K, 99% used [0x00000000f2f80000,0x00000000f41fc030,0x00000000f4200000)
  to   space 27648K, 0% used [0x00000000f1480000,0x00000000f1480000,0x00000000f2f80000)
 ParOldGen       total 77312K, used 35659K [0x00000000a0000000, 0x00000000a4b80000, 0x00000000e0000000)
  object space 77312K, 46% used [0x00000000a0000000,0x00000000a22d2d50,0x00000000a4b80000)
 Metaspace       used 56692K, capacity 58960K, committed 59136K, reserved 1099776K
  class space    used 7687K, capacity 8180K, committed 8192K, reserved 1048576K
Event: 16.324 GC heap after
Heap after GC invocations=11 (full 2):
 PSYoungGen      total 310784K, used 25503K [0x00000000e0000000, 0x00000000fa300000, 0x0000000100000000)
  eden space 283136K, 0% used [0x00000000e0000000,0x00000000e0000000,0x00000000f1480000)
  from space 27648K, 92% used [0x00000000f1480000,0x00000000f2d67c88,0x00000000f2f80000)
  to   space 31232K, 0% used [0x00000000f8480000,0x00000000f8480000,0x00000000fa300000)
 ParOldGen       total 77312K, used 35667K [0x00000000a0000000, 0x00000000a4b80000, 0x00000000e0000000)
  object space 77312K, 46% used [0x00000000a0000000,0x00000000a22d4d50,0x00000000a4b80000)
 Metaspace       used 56692K, capacity 58960K, committed 59136K, reserved 1099776K
  class space    used 7687K, capacity 8180K, committed 8192K, reserved 1048576K
}
Event: 16.324 GC heap before
{Heap before GC invocations=12 (full 3):
 PSYoungGen      total 310784K, used 25503K [0x00000000e0000000, 0x00000000fa300000, 0x0000000100000000)
  eden space 283136K, 0% used [0x00000000e0000000,0x00000000e0000000,0x00000000f1480000)
  from space 27648K, 92% used [0x00000000f1480000,0x00000000f2d67c88,0x00000000f2f80000)
  to   space 31232K, 0% used [0x00000000f8480000,0x00000000f8480000,0x00000000fa300000)
 ParOldGen       total 77312K, used 35667K [0x00000000a0000000, 0x00000000a4b80000, 0x00000000e0000000)
  object space 77312K, 46% used [0x00000000a0000000,0x00000000a22d4d50,0x00000000a4b80000)
 Metaspace       used 56692K, capacity 58960K, committed 59136K, reserved 1099776K
  class space    used 7687K, capacity 8180K, committed 8192K, reserved 1048576K
Event: 16.514 GC heap after
Heap after GC invocations=12 (full 3):
 PSYoungGen      total 310784K, used 0K [0x00000000e0000000, 0x00000000fa300000, 0x0000000100000000)
  eden space 283136K, 0% used [0x00000000e0000000,0x00000000e0000000,0x00000000f1480000)
  from space 27648K, 0% used [0x00000000f1480000,0x00000000f1480000,0x00000000f2f80000)
  to   space 31232K, 0% used [0x00000000f8480000,0x00000000f8480000,0x00000000fa300000)
 ParOldGen       total 128512K, used 48158K [0x00000000a0000000, 0x00000000a7d80000, 0x00000000e0000000)
  object space 128512K, 37% used [0x00000000a0000000,0x00000000a2f07b88,0x00000000a7d80000)
 Metaspace       used 56692K, capacity 58960K, committed 59136K, reserved 1099776K
  class space    used 7687K, capacity 8180K, committed 8192K, reserved 1048576K
}
Event: 500.335 GC heap before
{Heap before GC invocations=13 (full 3):
 PSYoungGen      total 310784K, used 283136K [0x00000000e0000000, 0x00000000fa300000, 0x0000000100000000)
  eden space 283136K, 100% used [0x00000000e0000000,0x00000000f1480000,0x00000000f1480000)
  from space 27648K, 0% used [0x00000000f1480000,0x00000000f1480000,0x00000000f2f80000)
  to   space 31232K, 0% used [0x00000000f8480000,0x00000000f8480000,0x00000000fa300000)
 ParOldGen       total 128512K, used 48158K [0x00000000a0000000, 0x00000000a7d80000, 0x00000000e0000000)
  object space 128512K, 37% used [0x00000000a0000000,0x00000000a2f07b88,0x00000000a7d80000)
 Metaspace       used 66619K, capacity 69308K, committed 69632K, reserved 1110016K
  class space    used 8816K, capacity 9349K, committed 9472K, reserved 1048576K
Event: 500.355 GC heap after
Heap after GC invocations=13 (full 3):
 PSYoungGen      total 380416K, used 31225K [0x00000000e0000000, 0x00000000fa300000, 0x0000000100000000)
  eden space 349184K, 0% used [0x00000000e0000000,0x00000000e0000000,0x00000000f5500000)
  from space 31232K, 99% used [0x00000000f8480000,0x00000000fa2fe6c0,0x00000000fa300000)
  to   space 37376K, 0% used [0x00000000f5a00000,0x00000000f5a00000,0x00000000f7e80000)
 ParOldGen       total 128512K, used 52446K [0x00000000a0000000, 0x00000000a7d80000, 0x00000000e0000000)
  object space 128512K, 40% used [0x00000000a0000000,0x00000000a33379e0,0x00000000a7d80000)
 Metaspace       used 66619K, capacity 69308K, committed 69632K, reserved 1110016K
  class space    used 8816K, capacity 9349K, committed 9472K, reserved 1048576K
}

